[debug] [2024-07-06T02:53:36.506Z] ----------------------------------------------------------------------
[debug] [2024-07-06T02:53:36.507Z] Command:       /usr/local/bin/node /usr/local/bin/firebase init
[debug] [2024-07-06T02:53:36.507Z] CLI Version:   13.11.2
[debug] [2024-07-06T02:53:36.507Z] Platform:      darwin
[debug] [2024-07-06T02:53:36.508Z] Node Version:  v20.11.0
[debug] [2024-07-06T02:53:36.508Z] Time:          Fri Jul 05 2024 21:53:36 GMT-0500 (Central Daylight Time)
[debug] [2024-07-06T02:53:36.508Z] ----------------------------------------------------------------------
[debug] 
[debug] [2024-07-06T02:53:36.509Z] >>> [apiv2][query] GET https://firebase-public.firebaseio.com/cli.json [none]
[debug] [2024-07-06T02:53:36.528Z] > command requires scopes: ["email","openid","https://www.googleapis.com/auth/cloudplatformprojects.readonly","https://www.googleapis.com/auth/firebase","https://www.googleapis.com/auth/cloud-platform"]
[debug] [2024-07-06T02:53:36.528Z] > authorizing via signed-in user (yunqi.uiuc@gmail.com)
[info] 
     ######## #### ########  ######## ########     ###     ######  ########
     ##        ##  ##     ## ##       ##     ##  ##   ##  ##       ##
     ######    ##  ########  ######   ########  #########  ######  ######
     ##        ##  ##    ##  ##       ##     ## ##     ##       ## ##
     ##       #### ##     ## ######## ########  ##     ##  ######  ########

You're about to initialize a Firebase project in this directory:

  /Users/liyunqi/Documents/expense-tracker

[debug] [2024-07-06T02:53:36.595Z] <<< [apiv2][status] GET https://firebase-public.firebaseio.com/cli.json 200
[debug] [2024-07-06T02:53:36.595Z] <<< [apiv2][body] GET https://firebase-public.firebaseio.com/cli.json {"cloudBuildErrorAfter":1594252800000,"cloudBuildWarnAfter":1590019200000,"defaultNode10After":1594252800000,"minVersion":"3.0.5","node8DeploysDisabledAfter":1613390400000,"node8RuntimeDisabledAfter":1615809600000,"node8WarnAfter":1600128000000}
[info] 
=== Project Setup
[info] 
[info] First, let's associate this project directory with a Firebase project.
[info] You can create multiple project aliases by running firebase use --add, 
[info] but for now we'll just set up a default project.
[info] 
[debug] [2024-07-06T02:55:19.800Z] > refreshing access token with scopes: []
[debug] [2024-07-06T02:55:19.801Z] >>> [apiv2][query] POST https://www.googleapis.com/oauth2/v3/token [none]
[debug] [2024-07-06T02:55:19.801Z] >>> [apiv2][body] POST https://www.googleapis.com/oauth2/v3/token [omitted]
[debug] [2024-07-06T02:55:19.990Z] <<< [apiv2][status] POST https://www.googleapis.com/oauth2/v3/token 200
[debug] [2024-07-06T02:55:19.990Z] <<< [apiv2][body] POST https://www.googleapis.com/oauth2/v3/token [omitted]
[debug] [2024-07-06T02:55:20.002Z] >>> [apiv2][query] GET https://firebase.googleapis.com/v1beta1/projects pageSize=100
[debug] [2024-07-06T02:55:20.221Z] <<< [apiv2][status] GET https://firebase.googleapis.com/v1beta1/projects 200
[debug] [2024-07-06T02:55:20.222Z] <<< [apiv2][body] GET https://firebase.googleapis.com/v1beta1/projects [omitted]
[info] i  Using project expense-tracker-dc0c6 (expense-tracker) 
[info] 
=== Hosting Setup
[debug] [2024-07-06T02:55:47.983Z] >>> [apiv2][query] GET https://firebase.googleapis.com/v1beta1/projects/expense-tracker-dc0c6 [none]
[debug] [2024-07-06T02:55:48.128Z] <<< [apiv2][status] GET https://firebase.googleapis.com/v1beta1/projects/expense-tracker-dc0c6 200
[debug] [2024-07-06T02:55:48.129Z] <<< [apiv2][body] GET https://firebase.googleapis.com/v1beta1/projects/expense-tracker-dc0c6 {"projectId":"expense-tracker-dc0c6","projectNumber":"603791085729","displayName":"expense-tracker","name":"projects/expense-tracker-dc0c6","resources":{"hostingSite":"expense-tracker-dc0c6","storageBucket":"expense-tracker-dc0c6.appspot.com","locationId":"us-central"},"state":"ACTIVE","etag":"1_f456ea4c-e18f-4df1-b3e1-0867e90ae894"}
[info] 
[info] Your public directory is the folder (relative to your project directory) that
[info] will contain Hosting assets to be uploaded with firebase deploy. If you
[info] have a build process for your assets, use your build's output directory.
[info] 
[info] ✔  Wrote public/404.html 
[debug] [2024-07-06T02:56:41.584Z] >>> [apiv2][query] GET https://www.gstatic.com/firebasejs/releases.json [none]
[debug] [2024-07-06T02:56:41.752Z] <<< [apiv2][status] GET https://www.gstatic.com/firebasejs/releases.json 200
[debug] [2024-07-06T02:56:41.752Z] <<< [apiv2][body] GET https://www.gstatic.com/firebasejs/releases.json {"current":{"version":"10.12.3","browserURL":"https://www.gstatic.com/firebasejs/10.12.3/firebase.js","packageURL":"https://www.gstatic.com/firebasejs/10.12.3/firebase.tgz"},"live":{"version":"10.12","browserURL":"https://www.gstatic.com/firebasejs/live/10.12/firebase.js","packageURL":"https://www.gstatic.com/firebasejs/live/10.12/firebase.tgz"},"components":{"analytics":"https://www.gstatic.com/firebasejs/10.12.3/firebase-analytics.js","app":"https://www.gstatic.com/firebasejs/10.12.3/firebase-app.js","app-check":"https://www.gstatic.com/firebasejs/10.12.3/firebase-app-check.js","auth":"https://www.gstatic.com/firebasejs/10.12.3/firebase-auth.js","auth/cordova":"https://www.gstatic.com/firebasejs/10.12.3/firebase-auth/cordova.js","auth/web-extension":"https://www.gstatic.com/firebasejs/10.12.3/firebase-auth/web-extension.js","functions":"https://www.gstatic.com/firebasejs/10.12.3/firebase-functions.js","firestore":"https://www.gstatic.com/firebasejs/10.12.3/firebase-firestore.js","firestore/lite":"https://www.gstatic.com/firebasejs/10.12.3/firebase-firestore/lite.js","installations":"https://www.gstatic.com/firebasejs/10.12.3/firebase-installations.js","storage":"https://www.gstatic.com/firebasejs/10.12.3/firebase-storage.js","performance":"https://www.gstatic.com/firebasejs/10.12.3/firebase-performance.js","remote-config":"https://www.gstatic.com/firebasejs/10.12.3/firebase-remote-config.js","messaging":"https://www.gstatic.com/firebasejs/10.12.3/firebase-messaging.js","messaging/sw":"https://www.gstatic.com/firebasejs/10.12.3/firebase-messaging/sw.js","database":"https://www.gstatic.com/firebasejs/10.12.3/firebase-database.js","vertexai-preview":"https://www.gstatic.com/firebasejs/10.12.3/firebase-vertexai-preview.js","firestore.memory":"https://www.gstatic.com/firebasejs/10.12.3/firebase-firestore.memory.js"}}
[info] i  Skipping write of public/index.html 
[info] 
[info] i  Detected a .git folder at /Users/liyunqi/Documents/expense-tracker 
[info] i  Authorizing with GitHub to upload your service account to a GitHub repository's secrets store. 
[info] 
[info] Visit this URL on this device to log in:
[info] https://github.com/login/oauth/authorize?client_id=89cf50f02ac6aaed3484&state=162953532&redirect_uri=http%3A%2F%2Flocalhost%3A9005&scope=read%3Auser%20repo%20public_repo
[info] 
[info] Waiting for authentication...
[debug] [2024-07-06T02:57:06.374Z] >>> [apiv2][query] POST https://github.com/login/oauth/access_token [none]
[debug] [2024-07-06T02:57:06.374Z] >>> [apiv2][body] POST https://github.com/login/oauth/access_token [stream]
[debug] [2024-07-06T02:57:06.678Z] <<< [apiv2][status] POST https://github.com/login/oauth/access_token 200
[debug] [2024-07-06T02:57:06.678Z] <<< [apiv2][body] POST https://github.com/login/oauth/access_token {"access_token":"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","token_type":"bearer","scope":"read:user,repo"}
[debug] [2024-07-06T02:57:06.687Z] >>> [apiv2][query] GET https://api.github.com/user [none]
[debug] [2024-07-06T02:57:06.910Z] <<< [apiv2][status] GET https://api.github.com/user 200
[debug] [2024-07-06T02:57:06.910Z] <<< [apiv2][body] GET https://api.github.com/user {"login":"yunqilee","id":65888803,"node_id":"MDQ6VXNlcjY1ODg4ODAz","avatar_url":"https://avatars.githubusercontent.com/u/65888803?v=4","gravatar_id":"","url":"https://api.github.com/users/yunqilee","html_url":"https://github.com/yunqilee","followers_url":"https://api.github.com/users/yunqilee/followers","following_url":"https://api.github.com/users/yunqilee/following{/other_user}","gists_url":"https://api.github.com/users/yunqilee/gists{/gist_id}","starred_url":"https://api.github.com/users/yunqilee/starred{/owner}{/repo}","subscriptions_url":"https://api.github.com/users/yunqilee/subscriptions","organizations_url":"https://api.github.com/users/yunqilee/orgs","repos_url":"https://api.github.com/users/yunqilee/repos","events_url":"https://api.github.com/users/yunqilee/events{/privacy}","received_events_url":"https://api.github.com/users/yunqilee/received_events","type":"User","site_admin":false,"name":null,"company":null,"blog":"https://yunqilee.github.io/","location":"Champaign","email":null,"hireable":null,"bio":null,"twitter_username":"yunqi_uiuc","public_repos":14,"public_gists":0,"followers":2,"following":14,"created_at":"2020-05-25T07:07:50Z","updated_at":"2024-05-21T21:35:28Z","private_gists":0,"total_private_repos":3,"owned_private_repos":2,"disk_usage":88711,"collaborators":0,"two_factor_authentication":false,"plan":{"name":"free","space":976562499,"collaborators":0,"private_repos":10000}}
[info] 
[info] ✔  Success! Logged into GitHub as yunqilee 
[info] 
